[Licensing::Module] Trying to connect to existing licensing client channel...
Built from '6000.3/staging' branch; Version is '6000.3.19f1 (7689f4515d75) revision 7768564'; Using compiler version '194234433'; Build Type 'Release'
[Licensing::IpcConnector] Successfully connected to: "LicenseClient-User" at "2026-07-06T12:21:31.626156Z"
OS: 'Windows 10  (10.0.19045) 64bit Professional' Language: 'ru' Physical Memory: 65364 MB
BatchMode: 1, IsHumanControllingUs: 0, StartBugReporterOnCrash: 0, Is64bit: 1
System  architecture: x64
Process architecture: x64
Date: 2026-07-06T12:21:31Z

COMMAND LINE ARGUMENTS:
C:\Program Files\Unity\Hub\Editor\6000.3.19f1\Editor\Unity.exe
-adb2
-batchMode
-noUpm
-name
AssetImportWorker6
-projectPath
C:/Users/User.XLAB01/UnityProjects/MultiplayerDerby
-logFile
Logs/AssetImportWorker6.log
-srvPort
51626
-parentPid
10492
-analyticsCloudUserId
10171167520619
-analyticsCloudProjectId
-analyticsLocalProjectId
4f6ec13026269274992f308e31378065
-licensingIpc
LicenseClient-User
-job-worker-count
7
-background-job-worker-count
8
-gc-helper-count
1
-name
AssetImport
Successfully changed project path to: C:/Users/User.XLAB01/UnityProjects/MultiplayerDerby
C:/Users/User.XLAB01/UnityProjects/MultiplayerDerby
[UnityMemory] Configuration Parameters - Can be set up in boot.config
    "memorysetup-temp-allocator-size-nav-mesh-worker=65536"
    "memorysetup-temp-allocator-size-audio-worker=65536"
    "memorysetup-temp-allocator-size-gfx=262144"
    "memorysetup-allocator-temp-initial-block-size-main=262144"
    "memorysetup-allocator-temp-initial-block-size-worker=262144"
    "memorysetup-temp-allocator-size-background-worker=32768"
    "memorysetup-temp-allocator-size-job-worker=262144"
    "memorysetup-temp-allocator-size-preload-manager=33554432"
    "memorysetup-temp-allocator-size-gi-baking-worker=262144"
    "memorysetup-temp-allocator-size-gi-baking-worker=262144"
    "memorysetup-temp-allocator-size-gi-baking-worker=262144"
    "memorysetup-temp-allocator-size-gi-baking-worker=262144"
    "memorysetup-temp-allocator-size-gi-baking-worker=262144"
    "memorysetup-bucket-allocator-granularity=16"
    "memorysetup-bucket-allocator-bucket-count=8"
    "memorysetup-bucket-allocator-block-size=33554432"
    "memorysetup-bucket-allocator-block-count=8"
    "memorysetup-main-allocator-block-size=16777216"
    "memorysetup-thread-allocator-block-size=16777216"
    "memorysetup-gfx-main-allocator-block-size=16777216"
    "memorysetup-gfx-thread-allocator-block-size=16777216"
    "memorysetup-cache-allocator-block-size=4194304"
    "memorysetup-typetree-allocator-block-size=2097152"
    "memorysetup-profiler-bucket-allocator-granularity=16"
    "memorysetup-profiler-bucket-allocator-bucket-count=8"
    "memorysetup-profiler-bucket-allocator-block-size=33554432"
    "memorysetup-profiler-bucket-allocator-block-count=8"
    "memorysetup-profiler-allocator-block-size=16777216"
    "memorysetup-profiler-editor-allocator-block-size=1048576"
    "memorysetup-temp-allocator-size-main=16777216"
    "memorysetup-job-temp-allocator-block-size=2097152"
    "memorysetup-job-temp-allocator-block-size-background=1048576"
    "memorysetup-job-temp-allocator-reduction-small-platforms=262144"
    "memorysetup-temp-allocator-size-cloud-worker=32768"
Player connection [15212]  Target information:

Player connection [15212]  * "[IP] 10.97.0.84 [Port] 0 [Flags] 2 [Guid] 1259869527 [EditorId] 1259869527 [Version] 1048832 [Id] WindowsEditor(7,XLab01) [Debug] 1 [PackageName] WindowsEditor [ProjectName] Editor" 

Player connection [15212] Host joined multi-casting on [225.0.0.222:54997]...
Player connection [15212] Host joined alternative multi-casting on [225.0.0.222:34997]...
JobSystem: Creating JobQueue using job-worker-count value 7
Input System module state changed to: Initialized.
[Physics::Module] Initialized fallback backend.
[Physics::Module] Id: 0xdecafbad
Library Redirect Path: Library/
[Physics::Module] Selected backend.
[Physics::Module] Name: PhysX
[Physics::Module] Id: 0xf2b8ea05
[Physics::Module] SDK Version: 4.1.2
[Physics::Module] Integration Version: 1.0.0
[Physics::Module] Threading Mode: Multi-Threaded
Refreshing native plugins compatible for Editor in 4.86 ms, found 4 plugins.
Preloading 0 native plugins for Editor in 0.00 ms.
Initialize engine version: 6000.3.19f1 (7689f4515d75)
[Subsystems] Discovering subsystems at path C:/Program Files/Unity/Hub/Editor/6000.3.19f1/Editor/Data/Resources/UnitySubsystems
[Subsystems] Discovering subsystems at path C:/Users/User.XLAB01/UnityProjects/MultiplayerDerby/Assets
GfxDevice: creating device client; kGfxThreadingModeNonThreaded
d3d12: failed to query info queue interface (0x80004002).
Direct3D:
    Version:         Direct3D 12 [level 12.2]
    Renderer:        NVIDIA GeForce RTX 3080 (ID=0x2216)
    Vendor:          NVIDIA
    VRAM:            10051 MB
    App VRAM Budget: 9283 MB
    Driver:          32.0.15.9186
Initialize mono
Mono path[0] = 'C:/Program Files/Unity/Hub/Editor/6000.3.19f1/Editor/Data/Managed'
Mono path[1] = 'C:/Program Files/Unity/Hub/Editor/6000.3.19f1/Editor/Data/MonoBleedingEdge/lib/mono/unityjit-win32'
Mono config path = 'C:/Program Files/Unity/Hub/Editor/6000.3.19f1/Editor/Data/MonoBleedingEdge/etc'
Using monoOptions --debugger-agent=transport=dt_socket,embedding=1,server=y,suspend=n,address=127.0.0.1:56756
Begin MonoManager ReloadAssembly
Registering precompiled unity dll's ...
Register platform support module: C:/Program Files/Unity/Hub/Editor/6000.3.19f1/Editor/Data/PlaybackEngines/WindowsStandaloneSupport/UnityEditor.WindowsStandalone.Extensions.dll
Registered in 0.002676 seconds.
[Licensing::Client] Error: HandshakeResponse reported an error:
	ResponseCode: 505
	ResponseStatus: Unsupported protocol version '1.18.1'.
[Licensing::Module] Error: Failed to handshake to channel: "LicenseClient-User"
[Licensing::IpcConnector] LicenseClient-User channel disconnected successfully.
[Licensing::IpcConnector] Successfully connected to: "LicenseClient-User-6000.3.19" at "2026-07-06T12:21:32.6251945Z"
[Licensing::Client] Code 10 while verifying Licensing Client signature (process Id: 816, path: "C:/Program Files/Unity/Hub/Editor/6000.3.19f1/Editor/Data/Resources/Licensing/Client/Unity.Licensing.Client.exe")
[Licensing::Module] LicensingClient has failed validation; ignoring
[Licensing::Client] Handshaking with LicensingClient:
  Version:                 1.18.1+9fbee8e
  Session Id:              7fae1a9faaa54ecc9a7c88418150e21c
  Correlation Id:          4754884ea75ff5f6978bee9e02275d64
  External correlation Id: 3958225450778028889
  Machine Id:              3WIlt9qiQwAIrfsd1aOK096wS+w=
[Licensing::Module] Successfully connected to LicensingClient on channel: "LicenseClient-User-6000.3.19" (connect: 0.00s, validation: 0.00s, handshake: 0.01s)
[Licensing::IpcConnector] Successfully connected to: "LicenseClient-User-6000.3.19-notifications" at "2026-07-06T12:21:32.632607Z"
[Licensing::Module] Licensing Background thread has ended after 1.01s
- Loaded All Assemblies, in  0.513 seconds
Native extension for WindowsStandalone target not found
Package Manager log level set to [2]
[Package Manager] Failed to launch server process. Reason: Unity was launched with the -noUpm command-line argument
[Package Manager] Unable to send message (not connected to server process).
[Package Manager] Cannot connect to Unity Package Manager local server
ScheduleIndexationOnStartup MainProcess:False IndexOnStartup:True
Mono: successfully reloaded assembly
- Finished resetting the current domain, in  0.490 seconds
Domain Reload Profiling: 1000ms
	BeginReloadAssembly (147ms)
		ExecutionOrderSort (0ms)
		DisableScriptedObjects (0ms)
		BackupInstance (0ms)
		ReleaseScriptingObjects (0ms)
		CreateAndSetChildDomain (1ms)
	RebuildCommonClasses (45ms)
	RebuildNativeTypeToScriptingClass (18ms)
	initialDomainReloadingComplete (63ms)
	LoadAllAssembliesAndSetupDomain (237ms)
		LoadAssemblies (145ms)
		RebuildTransferFunctionScriptingTraits (0ms)
		AnalyzeDomain (231ms)
			TypeCache.Refresh (229ms)
				TypeCache.ScanAssembly (211ms)
			BuildScriptInfoCaches (0ms)
			ResolveRequiredComponents (0ms)
	FinalizeReload (491ms)
		ReleaseScriptCaches (0ms)
		RebuildScriptCaches (0ms)
		SetupLoadedEditorAssemblies (421ms)
			LogAssemblyErrors (0ms)
			InitializePlatformSupportModulesInManaged (59ms)
			SetLoadedEditorAssemblies (5ms)
			BeforeProcessingInitializeOnLoad (101ms)
			ProcessInitializeOnLoadAttributes (153ms)
			ProcessInitializeOnLoadMethodAttributes (102ms)
			AfterProcessingInitializeOnLoad (0ms)
			EditorAssembliesLoaded (0ms)
		ExecutionOrderSort2 (0ms)
		AwakeInstancesAfterBackupRestoration (0ms)
[Licensing::Client] Successfully resolved entitlement details
[Licensing::Module] License group:
  Id: 10171167520619-UnityPersXXXX
  Product: Unity Personal
  Type: Assigned
  Expiration: Unlimited
========================================================================
Worker process is ready to serve import requests
Import Worker Mode flag is 0x00
Begin MonoManager ReloadAssembly
- Loaded All Assemblies, in  0.990 seconds
Refreshing native plugins compatible for Editor in 1.37 ms, found 4 plugins.
Native extension for WindowsStandalone target not found
[Package Manager] Failed to launch server process. Reason: Unity was launched with the -noUpm command-line argument
[Package Manager] Unable to send message (not connected to server process).
[Package Manager] Cannot connect to Unity Package Manager local server
Refreshing native plugins compatible for Editor in 1.54 ms, found 4 plugins.
[Package Manager] Failed to launch server process. Reason: Unity was launched with the -noUpm command-line argument
[Package Manager] Unable to send message (not connected to server process).
[Package Manager] Cannot connect to Unity Package Manager local server
ScheduleIndexationOnStartup MainProcess:False IndexOnStartup:True
Mono: successfully reloaded assembly
- Finished resetting the current domain, in  0.871 seconds
Domain Reload Profiling: 1857ms
	BeginReloadAssembly (232ms)
		ExecutionOrderSort (0ms)
		DisableScriptedObjects (5ms)
		BackupInstance (0ms)
		ReleaseScriptingObjects (0ms)
		CreateAndSetChildDomain (46ms)
	RebuildCommonClasses (51ms)
	RebuildNativeTypeToScriptingClass (13ms)
	initialDomainReloadingComplete (39ms)
	LoadAllAssembliesAndSetupDomain (651ms)
		LoadAssemblies (431ms)
		RebuildTransferFunctionScriptingTraits (0ms)
		AnalyzeDomain (343ms)
			TypeCache.Refresh (239ms)
				TypeCache.ScanAssembly (217ms)
			BuildScriptInfoCaches (88ms)
			ResolveRequiredComponents (12ms)
	FinalizeReload (872ms)
		ReleaseScriptCaches (0ms)
		RebuildScriptCaches (0ms)
		SetupLoadedEditorAssemblies (640ms)
			LogAssemblyErrors (0ms)
			InitializePlatformSupportModulesInManaged (2ms)
			SetLoadedEditorAssemblies (5ms)
			BeforeProcessingInitializeOnLoad (149ms)
			ProcessInitializeOnLoadAttributes (386ms)
			ProcessInitializeOnLoadMethodAttributes (91ms)
			AfterProcessingInitializeOnLoad (7ms)
			EditorAssembliesLoaded (0ms)
		ExecutionOrderSort2 (0ms)
		AwakeInstancesAfterBackupRestoration (6ms)
Launched and connected shader compiler UnityShaderCompiler.exe after 0.01 seconds
Refreshing native plugins compatible for Editor in 1.39 ms, found 4 plugins.
Preloading 0 native plugins for Editor in 0.00 ms.
Unloading 16 Unused Serialized files (Serialized files now loaded: 0)
Curl error 3: URL rejected: Malformed input to a URL function
Unloading 6928 unused Assets / (5.1 MB). Loaded Objects now: 7735.
Memory consumption went from 160.1 MB to 155.0 MB.
Total: 11.656200 ms (FindLiveObjects: 1.056800 ms CreateObjectMapping: 1.532300 ms MarkObjects: 5.992900 ms  DeleteObjects: 3.071800 ms)

========================================================================
Received Import Request.
  Time since last request: 346809.424187 seconds.
  path: Assets/Unity Technologies/CarsAssetPack/Models/FBX/Car-6.fbx
  artifactKey: Guid(7b6af8d7ab64e2946ae0f0cee1c0b623) Importer(815301076,1909f56bfc062723c751e8b465ee728b)
Start importing Assets/Unity Technologies/CarsAssetPack/Models/FBX/Car-6.fbx using Guid(7b6af8d7ab64e2946ae0f0cee1c0b623) Importer(815301076,1909f56bfc062723c751e8b465ee728b) (PreviewImporter) -> (artifact id: '475707ae3b9cc6f3be4fd423a47f6870') in 0.9901922 seconds
Number of updated asset objects reloaded before import = 0Number of asset objects unloaded after import = 13

========================================================================
Received Import Request.
  Time since last request: 0.000025 seconds.
  path: Assets/Unity Technologies/CarsAssetPack/Models/FBX/Car-4.fbx
  artifactKey: Guid(c48cc038dca18174ea58e5a9cbd45032) Importer(815301076,1909f56bfc062723c751e8b465ee728b)
Start importing Assets/Unity Technologies/CarsAssetPack/Models/FBX/Car-4.fbx using Guid(c48cc038dca18174ea58e5a9cbd45032) Importer(815301076,1909f56bfc062723c751e8b465ee728b) (PreviewImporter) -> (artifact id: '050eacc2efda07018ed14b6dfe7885cb') in 0.0947213 seconds
Number of updated asset objects reloaded before import = 0Number of asset objects unloaded after import = 13

========================================================================
Received Import Request.
  Time since last request: 151.150526 seconds.
  path: Assets/Awb-Free Low Poly Vehicles/Models/Sport Car_39.fbx
  artifactKey: Guid(41c288592429ad74ea436c2cc1011e3c) Importer(2089858483,b0f066a214c2f5e87bad3c948f4d605d)
Start importing Assets/Awb-Free Low Poly Vehicles/Models/Sport Car_39.fbx using Guid(41c288592429ad74ea436c2cc1011e3c) Importer(2089858483,b0f066a214c2f5e87bad3c948f4d605d) (ScriptedImporter) -> (artifact id: 'f6237c51ba3f42cd501a196f68ea80a3') in 0.1219962 seconds
Number of updated asset objects reloaded before import = 0Number of asset objects unloaded after import = 27

========================================================================
Received Import Request.
  Time since last request: 0.000024 seconds.
  path: Assets/Awb-Free Low Poly Vehicles/Scene
  artifactKey: Guid(cc40073870a091341ba96c886dfb439c) Importer(2089858483,b0f066a214c2f5e87bad3c948f4d605d)
Start importing Assets/Awb-Free Low Poly Vehicles/Scene using Guid(cc40073870a091341ba96c886dfb439c) Importer(2089858483,b0f066a214c2f5e87bad3c948f4d605d) (ScriptedImporter) -> (artifact id: '32a1dd8dfe8d6e86e1f17946c748c828') in 0.0096477 seconds
Number of updated asset objects reloaded before import = 0Number of asset objects unloaded after import = 1

========================================================================
Received Import Request.
  Time since last request: 0.000038 seconds.
  path: Assets/Awb-Free Low Poly Vehicles/Prefabs/Pick Up_11.prefab
  artifactKey: Guid(eb1d6cef4963f9948a2d46b477134dfb) Importer(2089858483,b0f066a214c2f5e87bad3c948f4d605d)
Start importing Assets/Awb-Free Low Poly Vehicles/Prefabs/Pick Up_11.prefab using Guid(eb1d6cef4963f9948a2d46b477134dfb) Importer(2089858483,b0f066a214c2f5e87bad3c948f4d605d) (ScriptedImporter) -> (artifact id: '92737101fa8489c45f6cec136d1fd045') in 0.0167913 seconds
Number of updated asset objects reloaded before import = 0Number of asset objects unloaded after import = 30

========================================================================
Received Import Request.
  Time since last request: 0.000024 seconds.
  path: Assets/Awb-Free Low Poly Vehicles/Prefabs/Monster Truck_12.prefab
  artifactKey: Guid(8c0f502c596c3c746a68e5631858c360) Importer(2089858483,b0f066a214c2f5e87bad3c948f4d605d)
Start importing Assets/Awb-Free Low Poly Vehicles/Prefabs/Monster Truck_12.prefab using Guid(8c0f502c596c3c746a68e5631858c360) Importer(2089858483,b0f066a214c2f5e87bad3c948f4d605d) (ScriptedImporter) -> (artifact id: 'f6a5428bf4e2ffe3ab22cafef4b29925') in 0.0116847 seconds
Number of updated asset objects reloaded before import = 0Number of asset objects unloaded after import = 30

========================================================================
Received Import Request.
  Time since last request: 0.000022 seconds.
  path: Assets/Awb-Free Low Poly Vehicles/Models/N_Muscle Car_10.fbx
  artifactKey: Guid(2efc3c5afc9e5bc4c94d564a9c0c48b4) Importer(2089858483,b0f066a214c2f5e87bad3c948f4d605d)
Start importing Assets/Awb-Free Low Poly Vehicles/Models/N_Muscle Car_10.fbx using Guid(2efc3c5afc9e5bc4c94d564a9c0c48b4) Importer(2089858483,b0f066a214c2f5e87bad3c948f4d605d) (ScriptedImporter) -> (artifact id: 'ac892924a0f54c7610f56e6e60ff5e57') in 0.0167252 seconds
Number of updated asset objects reloaded before import = 0Number of asset objects unloaded after import = 27

========================================================================
Received Import Request.
  Time since last request: 0.000023 seconds.
  path: Assets/Awb-Free Low Poly Vehicles/Models/Pick Up_11.fbx
  artifactKey: Guid(187cf8a10aa98b946879f27928d792bc) Importer(2089858483,b0f066a214c2f5e87bad3c948f4d605d)
Start importing Assets/Awb-Free Low Poly Vehicles/Models/Pick Up_11.fbx using Guid(187cf8a10aa98b946879f27928d792bc) Importer(2089858483,b0f066a214c2f5e87bad3c948f4d605d) (ScriptedImporter) -> (artifact id: '4d669616b7f636758a6d59af7eac1d70') in 0.0160115 seconds
Number of updated asset objects reloaded before import = 0Number of asset objects unloaded after import = 27

========================================================================
Received Import Request.
  Time since last request: 0.000028 seconds.
  path: Assets/Awb-Free Low Poly Vehicles/Models/Classic Car_9.fbx
  artifactKey: Guid(c8f9b2b07b89e994d9a84be4488ad532) Importer(2089858483,b0f066a214c2f5e87bad3c948f4d605d)
Start importing Assets/Awb-Free Low Poly Vehicles/Models/Classic Car_9.fbx using Guid(c8f9b2b07b89e994d9a84be4488ad532) Importer(2089858483,b0f066a214c2f5e87bad3c948f4d605d) (ScriptedImporter) -> (artifact id: 'a95800da0cc4a047b08c68579d8ea6fd') in 0.0163378 seconds
Number of updated asset objects reloaded before import = 0Number of asset objects unloaded after import = 27

========================================================================
Received Import Request.
  Time since last request: 0.000023 seconds.
  path: Assets/Awb-Free Low Poly Vehicles/Material/Color.mat
  artifactKey: Guid(9e5c2501cc427b34daa59f785d2892c2) Importer(2089858483,b0f066a214c2f5e87bad3c948f4d605d)
Start importing Assets/Awb-Free Low Poly Vehicles/Material/Color.mat using Guid(9e5c2501cc427b34daa59f785d2892c2) Importer(2089858483,b0f066a214c2f5e87bad3c948f4d605d) (ScriptedImporter) -> (artifact id: 'b5a7177ec36f0539c7b0e466515ed229') in 0.0340476 seconds
Number of updated asset objects reloaded before import = 0Number of asset objects unloaded after import = 2

========================================================================
Received Import Request.
  Time since last request: 0.000048 seconds.
  path: Assets/Awb-Free Low Poly Vehicles/Models/Hatchback Car_15.fbx
  artifactKey: Guid(479bd64bd0eb14d47a9189dab8f05695) Importer(2089858483,b0f066a214c2f5e87bad3c948f4d605d)
Start importing Assets/Awb-Free Low Poly Vehicles/Models/Hatchback Car_15.fbx using Guid(479bd64bd0eb14d47a9189dab8f05695) Importer(2089858483,b0f066a214c2f5e87bad3c948f4d605d) (ScriptedImporter) -> (artifact id: 'b9288e1ce9c904ae17ce66c66d459ef3') in 0.0134203 seconds
Number of updated asset objects reloaded before import = 0Number of asset objects unloaded after import = 27

========================================================================
Received Import Request.
  Time since last request: 0.000023 seconds.
  path: Assets/Awb-Free Low Poly Vehicles/Prefabs/Air Plane_1.prefab
  artifactKey: Guid(7da7f9f2fecda974c9b3e16e28330244) Importer(2089858483,b0f066a214c2f5e87bad3c948f4d605d)
Start importing Assets/Awb-Free Low Poly Vehicles/Prefabs/Air Plane_1.prefab using Guid(7da7f9f2fecda974c9b3e16e28330244) Importer(2089858483,b0f066a214c2f5e87bad3c948f4d605d) (ScriptedImporter) -> (artifact id: '5352bd3684a38622f2918e3347220f4c') in 0.0131279 seconds
Number of updated asset objects reloaded before import = 0Number of asset objects unloaded after import = 29

========================================================================
Received Import Request.
  Time since last request: 0.000032 seconds.
  path: Assets/Awb-Free Low Poly Vehicles/Texture
  artifactKey: Guid(4090c891860329c4bbbe02611bb13121) Importer(2089858483,b0f066a214c2f5e87bad3c948f4d605d)
Start importing Assets/Awb-Free Low Poly Vehicles/Texture using Guid(4090c891860329c4bbbe02611bb13121) Importer(2089858483,b0f066a214c2f5e87bad3c948f4d605d) (ScriptedImporter) -> (artifact id: 'a139b3c3aec40a7e70e9ac0f1fa7a743') in 0.0104216 seconds
Number of updated asset objects reloaded before import = 0Number of asset objects unloaded after import = 1

========================================================================
Received Import Request.
  Time since last request: 0.000030 seconds.
  path: Assets/Awb-Free Low Poly Vehicles/Scene/FreeCar Scene.unity
  artifactKey: Guid(4b3330b590350cf429c3d444640751dc) Importer(2089858483,b0f066a214c2f5e87bad3c948f4d605d)
Start importing Assets/Awb-Free Low Poly Vehicles/Scene/FreeCar Scene.unity using Guid(4b3330b590350cf429c3d444640751dc) Importer(2089858483,b0f066a214c2f5e87bad3c948f4d605d) (ScriptedImporter) -> (artifact id: '19c3c923ab7d42ab90622f843c92d03c') in 0.0109896 seconds
Number of updated asset objects reloaded before import = 0Number of asset objects unloaded after import = 1

========================================================================
Received Import Request.
  Time since last request: 0.000019 seconds.
  path: Assets/Awb-Free Low Poly Vehicles/Models/N Van_10.fbx
  artifactKey: Guid(10e7cb01c3556db44a379229e63a357b) Importer(2089858483,b0f066a214c2f5e87bad3c948f4d605d)
Start importing Assets/Awb-Free Low Poly Vehicles/Models/N Van_10.fbx using Guid(10e7cb01c3556db44a379229e63a357b) Importer(2089858483,b0f066a214c2f5e87bad3c948f4d605d) (ScriptedImporter) -> (artifact id: '15dbee3ca7061ea345ca4ef0754d51c7') in 0.0203907 seconds
Number of updated asset objects reloaded before import = 0Number of asset objects unloaded after import = 27

Editor requested this worker to shutdown with reason: Scaling down because of idle timeout
AssetImportWorker is now disconnected from the server
Process exiting
Exiting without the bug reporter. Application will terminate with return code 0